Log File - 20220225205601 - hallwack - /home/hallwack 
               total        used        free      shared  buff/cache   available
Mem:            9967        4322         892         144        4752        5189
Swap:           8297           1        8296
179M	/home/hallwack/Documents/Programming/Web/Vue/vue-blog-app
Log File - 20220225205701 - hallwack - /home/hallwack 
               total        used        free      shared  buff/cache   available
Mem:            9967        4356         858         141        4752        5157
Swap:           8297           1        8296
179M	/home/hallwack/Documents/Programming/Web/Vue/vue-blog-app
Log File - 20220225205801 - hallwack - /home/hallwack 
               total        used        free      shared  buff/cache   available
Mem:            9967        4384         799         169        4783        5101
Swap:           8297           1        8296
179M	/home/hallwack/Documents/Programming/Web/Vue/vue-blog-app
Log File - 20220225205902 - hallwack - /home/hallwack 
               total        used        free      shared  buff/cache   available
Mem:            9967        4363         832         157        4772        5135
Swap:           8297           1        8296
179M	/home/hallwack/Documents/Programming/Web/Vue/vue-blog-app
Log File - 20220225210001 - hallwack - /home/hallwack 
               total        used        free      shared  buff/cache   available
Mem:            9967        4458         673         208        4836        4989
Swap:           8297           1        8296
179M	/home/hallwack/Documents/Programming/Web/Vue/vue-blog-app
Log File - 20220225210101 - hallwack - /home/hallwack 
               total        used        free      shared  buff/cache   available
Mem:            9967        4147         997         193        4823        5315
Swap:           8297           1        8296
179M	/home/hallwack/Documents/Programming/Web/Vue/vue-blog-app
Log File - 20220225210201 - hallwack - /home/hallwack 
               total        used        free      shared  buff/cache   available
Mem:            9967        4246         917         187        4804        5221
Swap:           8297           1        8296
179M	/home/hallwack/Documents/Programming/Web/Vue/vue-blog-app
Log File - 20220225210302 - hallwack - /home/hallwack 
               total        used        free      shared  buff/cache   available
Mem:            9967        4218         946         185        4802        5252
Swap:           8297           1        8296
179M	/home/hallwack/Documents/Programming/Web/Vue/vue-blog-app
Log File - 20220225210401 - hallwack - /home/hallwack 
               total        used        free      shared  buff/cache   available
Mem:            9967        4219         955         174        4792        5262
Swap:           8297           1        8296
179M	/home/hallwack/Documents/Programming/Web/Vue/vue-blog-app
Log File - 20220225210501 - hallwack - /home/hallwack 
               total        used        free      shared  buff/cache   available
Mem:            9967        4093        1102         153        4772        5409
Swap:           8297           1        8296
179M	/home/hallwack/Documents/Programming/Web/Vue/vue-blog-app
Log File - 20220225210601 - hallwack - /home/hallwack 
               total        used        free      shared  buff/cache   available
Mem:            9967        4080        1077         189        4810        5386
Swap:           8297           1        8296
179M	/home/hallwack/Documents/Programming/Web/Vue/vue-blog-app
Log File - 20220225210702 - hallwack - /home/hallwack 
               total        used        free      shared  buff/cache   available
Mem:            9967        4117         970         257        4879        5281
Swap:           8297           1        8296
179M	/home/hallwack/Documents/Programming/Web/Vue/vue-blog-app
Log File - 20220225210801 - hallwack - /home/hallwack 
               total        used        free      shared  buff/cache   available
Mem:            9967        4129         939         274        4899        5252
Swap:           8297           1        8296
179M	/home/hallwack/Documents/Programming/Web/Vue/vue-blog-app
Log File - 20220225210901 - hallwack - /home/hallwack 
               total        used        free      shared  buff/cache   available
Mem:            9967        4152         917         271        4898        5231
Swap:           8297           1        8296
179M	/home/hallwack/Documents/Programming/Web/Vue/vue-blog-app
Log File - 20220225211001 - hallwack - /home/hallwack 
               total        used        free      shared  buff/cache   available
Mem:            9967        4122         952         266        4893        5267
Swap:           8297           1        8296
179M	/home/hallwack/Documents/Programming/Web/Vue/vue-blog-app
Log File - 20220225211102 - hallwack - /home/hallwack 
               total        used        free      shared  buff/cache   available
Mem:            9967        4084        1046         208        4837        5363
Swap:           8297           1        8296
179M	/home/hallwack/Documents/Programming/Web/Vue/vue-blog-app
Log File - 20220225211201 - hallwack - /home/hallwack 
               total        used        free      shared  buff/cache   available
Mem:            9967        4109        1029         199        4829        5347
Swap:           8297           1        8296
179M	/home/hallwack/Documents/Programming/Web/Vue/vue-blog-app
Log File - 20220225211301 - hallwack - /home/hallwack 
               total        used        free      shared  buff/cache   available
Mem:            9967        4076        1099         160        4792        5418
Swap:           8297           1        8296
179M	/home/hallwack/Documents/Programming/Web/Vue/vue-blog-app
Log File - 20220225211401 - hallwack - /home/hallwack 
               total        used        free      shared  buff/cache   available
Mem:            9967        4050        1139         144        4777        5461
Swap:           8297           1        8296
179M	/home/hallwack/Documents/Programming/Web/Vue/vue-blog-app
Log File - 20220225211501 - hallwack - /home/hallwack 
               total        used        free      shared  buff/cache   available
Mem:            9967        4074        1126         132        4766        5449
Swap:           8297           1        8296
179M	/home/hallwack/Documents/Programming/Web/Vue/vue-blog-app
Log File - 20220225211601 - hallwack - /home/hallwack 
               total        used        free      shared  buff/cache   available
Mem:            9967        4075        1124         131        4767        5448
Swap:           8297           1        8296
179M	/home/hallwack/Documents/Programming/Web/Vue/vue-blog-app
Log File - 20220225211701 - hallwack - /home/hallwack 
               total        used        free      shared  buff/cache   available
Mem:            9967        4078        1121         131        4768        5446
Swap:           8297           1        8296
179M	/home/hallwack/Documents/Programming/Web/Vue/vue-blog-app
Log File - 20220225211801 - hallwack - /home/hallwack 
               total        used        free      shared  buff/cache   available
Mem:            9967        4061        1165         118        4740        5475
Swap:           8297           1        8296
179M	/home/hallwack/Documents/Programming/Web/Vue/vue-blog-app
Log File - 20220225211901 - hallwack - /home/hallwack 
               total        used        free      shared  buff/cache   available
Mem:            9967        4048        1181         115        4738        5492
Swap:           8297           1        8296
179M	/home/hallwack/Documents/Programming/Web/Vue/vue-blog-app
Log File - 20220225212001 - hallwack - /home/hallwack 
               total        used        free      shared  buff/cache   available
Mem:            9967        4044        1178         120        4744        5490
Swap:           8297           1        8296
179M	/home/hallwack/Documents/Programming/Web/Vue/vue-blog-app
Log File - 20220225212101 - hallwack - /home/hallwack 
               total        used        free      shared  buff/cache   available
Mem:            9967        4044        1183         114        4740        5496
Swap:           8297           1        8296
179M	/home/hallwack/Documents/Programming/Web/Vue/vue-blog-app
Log File - 20220225212201 - hallwack - /home/hallwack 
               total        used        free      shared  buff/cache   available
Mem:            9967        4047        1181         111        4738        5496
Swap:           8297           1        8296
179M	/home/hallwack/Documents/Programming/Web/Vue/vue-blog-app
Log File - 20220225212301 - hallwack - /home/hallwack 
               total        used        free      shared  buff/cache   available
Mem:            9967        4049        1175         114        4742        5491
Swap:           8297           1        8296
179M	/home/hallwack/Documents/Programming/Web/Vue/vue-blog-app
Log File - 20220225212401 - hallwack - /home/hallwack 
               total        used        free      shared  buff/cache   available
Mem:            9967        4053        1154         131        4759        5471
Swap:           8297           1        8296
179M	/home/hallwack/Documents/Programming/Web/Vue/vue-blog-app
Log File - 20220225212501 - hallwack - /home/hallwack 
               total        used        free      shared  buff/cache   available
Mem:            9967        4031        1178         128        4757        5495
Swap:           8297           1        8296
179M	/home/hallwack/Documents/Programming/Web/Vue/vue-blog-app
Log File - 20220225212601 - hallwack - /home/hallwack 
               total        used        free      shared  buff/cache   available
Mem:            9967        4039        1149         149        4778        5466
Swap:           8297           1        8296
179M	/home/hallwack/Documents/Programming/Web/Vue/vue-blog-app
Log File - 20220225212702 - hallwack - /home/hallwack 
               total        used        free      shared  buff/cache   available
Mem:            9967        4228         917         186        4822        5241
Swap:           8297           1        8296
179M	/home/hallwack/Documents/Programming/Web/Vue/vue-blog-app
Log File - 20220225212801 - hallwack - /home/hallwack 
               total        used        free      shared  buff/cache   available
Mem:            9967        4235         901         192        4830        5227
Swap:           8297           1        8296
179M	/home/hallwack/Documents/Programming/Web/Vue/vue-blog-app
Log File - 20220225212901 - hallwack - /home/hallwack 
               total        used        free      shared  buff/cache   available
Mem:            9967        4214         932         180        4820        5260
Swap:           8297           1        8296
179M	/home/hallwack/Documents/Programming/Web/Vue/vue-blog-app
Log File - 20220225213002 - hallwack - /home/hallwack 
               total        used        free      shared  buff/cache   available
Mem:            9967        4219         913         194        4835        5242
Swap:           8297           1        8296
179M	/home/hallwack/Documents/Programming/Web/Vue/vue-blog-app
Log File - 20220225213101 - hallwack - /home/hallwack 
               total        used        free      shared  buff/cache   available
Mem:            9967        4248         872         212        4846        5194
Swap:           8297           1        8296
179M	/home/hallwack/Documents/Programming/Web/Vue/vue-blog-app
Log File - 20220225213201 - hallwack - /home/hallwack 
               total        used        free      shared  buff/cache   available
Mem:            9967        4221         896         210        4849        5224
Swap:           8297           1        8296
179M	/home/hallwack/Documents/Programming/Web/Vue/vue-blog-app
Log File - 20220225213301 - hallwack - /home/hallwack 
               total        used        free      shared  buff/cache   available
Mem:            9967        4227         879         218        4861        5209
Swap:           8297           1        8296
179M	/home/hallwack/Documents/Programming/Web/Vue/vue-blog-app
Log File - 20220225213401 - hallwack - /home/hallwack 
               total        used        free      shared  buff/cache   available
Mem:            9967        4249         878         205        4839        5201
Swap:           8297           1        8296
179M	/home/hallwack/Documents/Programming/Web/Vue/vue-blog-app
Log File - 20220225213501 - hallwack - /home/hallwack 
               total        used        free      shared  buff/cache   available
Mem:            9967        4253         855         215        4858        5187
Swap:           8297           1        8296
179M	/home/hallwack/Documents/Programming/Web/Vue/vue-blog-app
Log File - 20220225213601 - hallwack - /home/hallwack 
               total        used        free      shared  buff/cache   available
Mem:            9967        4247         886         195        4834        5213
Swap:           8297           1        8296
179M	/home/hallwack/Documents/Programming/Web/Vue/vue-blog-app
Log File - 20220225213701 - hallwack - /home/hallwack 
               total        used        free      shared  buff/cache   available
Mem:            9967        4272         837         217        4857        5166
Swap:           8297           1        8296
179M	/home/hallwack/Documents/Programming/Web/Vue/vue-blog-app
Log File - 20220225213801 - hallwack - /home/hallwack 
               total        used        free      shared  buff/cache   available
Mem:            9967        4308         753         259        4906        5088
Swap:           8297           1        8296
179M	/home/hallwack/Documents/Programming/Web/Vue/vue-blog-app
Log File - 20220225213902 - hallwack - /home/hallwack 
               total        used        free      shared  buff/cache   available
Mem:            9967        4340         713         265        4914        5050
Swap:           8297           1        8296
179M	/home/hallwack/Documents/Programming/Web/Vue/vue-blog-app
Log File - 20220225214001 - hallwack - /home/hallwack 
               total        used        free      shared  buff/cache   available
Mem:            9967        4324         757         237        4886        5094
Swap:           8297           1        8296
179M	/home/hallwack/Documents/Programming/Web/Vue/vue-blog-app
Log File - 20220225214101 - hallwack - /home/hallwack 
               total        used        free      shared  buff/cache   available
Mem:            9967        4337         769         223        4860        5095
Swap:           8297           1        8296
179M	/home/hallwack/Documents/Programming/Web/Vue/vue-blog-app
Log File - 20220225214201 - hallwack - /home/hallwack 
               total        used        free      shared  buff/cache   available
Mem:            9967        4326         767         229        4874        5100
Swap:           8297           1        8296
179M	/home/hallwack/Documents/Programming/Web/Vue/vue-blog-app
Log File - 20220225214301 - hallwack - /home/hallwack 
               total        used        free      shared  buff/cache   available
Mem:            9967        4345         764         211        4857        5098
Swap:           8297           1        8296
179M	/home/hallwack/Documents/Programming/Web/Vue/vue-blog-app
Log File - 20220225214401 - hallwack - /home/hallwack 
               total        used        free      shared  buff/cache   available
Mem:            9967        4370         708         242        4888        5042
Swap:           8297           1        8296
179M	/home/hallwack/Documents/Programming/Web/Vue/vue-blog-app
Log File - 20220225214501 - hallwack - /home/hallwack 
               total        used        free      shared  buff/cache   available
Mem:            9967        4443         646         231        4877        4981
Swap:           8297           1        8296
179M	/home/hallwack/Documents/Programming/Web/Vue/vue-blog-app
Log File - 20220225214601 - hallwack - /home/hallwack 
               total        used        free      shared  buff/cache   available
Mem:            9967        4349         739         230        4879        5075
Swap:           8297           1        8296
179M	/home/hallwack/Documents/Programming/Web/Vue/vue-blog-app
Log File - 20220225214701 - hallwack - /home/hallwack 
               total        used        free      shared  buff/cache   available
Mem:            9967        4403         558         352        5005        4899
Swap:           8297           1        8296
179M	/home/hallwack/Documents/Programming/Web/Vue/vue-blog-app
Log File - 20220225214801 - hallwack - /home/hallwack 
               total        used        free      shared  buff/cache   available
Mem:            9967        4364         575         372        5027        4918
Swap:           8297           1        8296
179M	/home/hallwack/Documents/Programming/Web/Vue/vue-blog-app
Log File - 20220225214901 - hallwack - /home/hallwack 
               total        used        free      shared  buff/cache   available
Mem:            9967        4361         582         369        5024        4925
Swap:           8297           1        8296
179M	/home/hallwack/Documents/Programming/Web/Vue/vue-blog-app
Log File - 20220225215001 - hallwack - /home/hallwack 
               total        used        free      shared  buff/cache   available
Mem:            9967        4481         267         620        5219        4530
Swap:           8297           1        8296
179M	/home/hallwack/Documents/Programming/Web/Vue/vue-blog-app
Log File - 20220225215101 - hallwack - /home/hallwack 
               total        used        free      shared  buff/cache   available
Mem:            9967        4384         482         500        5100        4746
Swap:           8297           1        8296
179M	/home/hallwack/Documents/Programming/Web/Vue/vue-blog-app
Log File - 20220225215202 - hallwack - /home/hallwack 
               total        used        free      shared  buff/cache   available
Mem:            9967        4401         440         524        5125        4705
Swap:           8297           1        8296
179M	/home/hallwack/Documents/Programming/Web/Vue/vue-blog-app
Log File - 20220225215301 - hallwack - /home/hallwack 
               total        used        free      shared  buff/cache   available
Mem:            9967        4353         484         533        5129        4745
Swap:           8297           1        8296
179M	/home/hallwack/Documents/Programming/Web/Vue/vue-blog-app
Log File - 20220225215401 - hallwack - /home/hallwack 
               total        used        free      shared  buff/cache   available
Mem:            9967        4368         442         550        5156        4712
Swap:           8297           1        8296
179M	/home/hallwack/Documents/Programming/Web/Vue/vue-blog-app
Log File - 20220225215501 - hallwack - /home/hallwack 
               total        used        free      shared  buff/cache   available
Mem:            9967        4354         460         555        5153        4722
Swap:           8297           1        8296
179M	/home/hallwack/Documents/Programming/Web/Vue/vue-blog-app
Log File - 20220225215602 - hallwack - /home/hallwack 
               total        used        free      shared  buff/cache   available
Mem:            9967        4355         769         240        4842        5035
Swap:           8297           1        8296
179M	/home/hallwack/Documents/Programming/Web/Vue/vue-blog-app
Log File - 20220225215701 - hallwack - /home/hallwack 
               total        used        free      shared  buff/cache   available
Mem:            9967        4386         736         241        4845        5003
Swap:           8297           1        8296
179M	/home/hallwack/Documents/Programming/Web/Vue/vue-blog-app
Log File - 20220225215801 - hallwack - /home/hallwack 
               total        used        free      shared  buff/cache   available
Mem:            9967        4379         758         225        4829        5026
Swap:           8297           1        8296
179M	/home/hallwack/Documents/Programming/Web/Vue/vue-blog-app
Log File - 20220225215901 - hallwack - /home/hallwack 
               total        used        free      shared  buff/cache   available
Mem:            9967        4406         709         245        4852        4980
Swap:           8297           1        8296
179M	/home/hallwack/Documents/Programming/Web/Vue/vue-blog-app
Log File - 20220225220001 - hallwack - /home/hallwack 
               total        used        free      shared  buff/cache   available
Mem:            9967        4446         638         272        4882        4913
Swap:           8297           1        8296
179M	/home/hallwack/Documents/Programming/Web/Vue/vue-blog-app
Log File - 20220225220101 - hallwack - /home/hallwack 
               total        used        free      shared  buff/cache   available
Mem:            9967        4455         593         312        4918        4863
Swap:           8297           1        8296
179M	/home/hallwack/Documents/Programming/Web/Vue/vue-blog-app
Log File - 20220225220201 - hallwack - /home/hallwack 
               total        used        free      shared  buff/cache   available
Mem:            9967        4383         684         285        4899        4962
Swap:           8297           1        8296
179M	/home/hallwack/Documents/Programming/Web/Vue/vue-blog-app
Log File - 20220225220302 - hallwack - /home/hallwack 
               total        used        free      shared  buff/cache   available
Mem:            9967        4368         704         281        4894        4982
Swap:           8297           1        8296
179M	/home/hallwack/Documents/Programming/Web/Vue/vue-blog-app
Log File - 20220225220401 - hallwack - /home/hallwack 
               total        used        free      shared  buff/cache   available
Mem:            9967        4371         705         276        4890        4983
Swap:           8297           1        8296
179M	/home/hallwack/Documents/Programming/Web/Vue/vue-blog-app
Log File - 20220225220501 - hallwack - /home/hallwack 
               total        used        free      shared  buff/cache   available
Mem:            9967        4364         713         276        4890        4991
Swap:           8297           1        8296
179M	/home/hallwack/Documents/Programming/Web/Vue/vue-blog-app
Log File - 20220225220601 - hallwack - /home/hallwack 
               total        used        free      shared  buff/cache   available
Mem:            9967        4377         694         281        4896        4973
Swap:           8297           1        8296
179M	/home/hallwack/Documents/Programming/Web/Vue/vue-blog-app
Log File - 20220225220701 - hallwack - /home/hallwack 
               total        used        free      shared  buff/cache   available
Mem:            9967        4385         756         212        4826        5034
Swap:           8297           1        8296
179M	/home/hallwack/Documents/Programming/Web/Vue/vue-blog-app
Log File - 20220225220801 - hallwack - /home/hallwack 
               total        used        free      shared  buff/cache   available
Mem:            9967        4383         860         109        4723        5139
Swap:           8297           1        8296
179M	/home/hallwack/Documents/Programming/Web/Vue/vue-blog-app
Log File - 20220225220902 - hallwack - /home/hallwack 
               total        used        free      shared  buff/cache   available
Mem:            9967        4374         871         106        4721        5150
Swap:           8297           1        8296
179M	/home/hallwack/Documents/Programming/Web/Vue/vue-blog-app
Log File - 20220225221001 - hallwack - /home/hallwack 
               total        used        free      shared  buff/cache   available
Mem:            9967        4360         882         109        4725        5161
Swap:           8297           1        8296
179M	/home/hallwack/Documents/Programming/Web/Vue/vue-blog-app
Log File - 20220225221101 - hallwack - /home/hallwack 
               total        used        free      shared  buff/cache   available
Mem:            9967        4396         823         130        4747        5104
Swap:           8297           1        8296
179M	/home/hallwack/Documents/Programming/Web/Vue/vue-blog-app
Log File - 20220225221201 - hallwack - /home/hallwack 
               total        used        free      shared  buff/cache   available
Mem:            9967        4434         712         215        4820        4982
Swap:           8297           1        8296
179M	/home/hallwack/Documents/Programming/Web/Vue/vue-blog-app
Log File - 20220225221301 - hallwack - /home/hallwack 
               total        used        free      shared  buff/cache   available
Mem:            9967        4425         715         215        4827        4991
Swap:           8297           1        8296
179M	/home/hallwack/Documents/Programming/Web/Vue/vue-blog-app
Log File - 20220225221401 - hallwack - /home/hallwack 
               total        used        free      shared  buff/cache   available
Mem:            9967        4459         594         288        4913        4883
Swap:           8297           1        8296
179M	/home/hallwack/Documents/Programming/Web/Vue/vue-blog-app
Log File - 20220225221502 - hallwack - /home/hallwack 
               total        used        free      shared  buff/cache   available
Mem:            9967        4471         529         352        4966        4807
Swap:           8297           1        8296
179M	/home/hallwack/Documents/Programming/Web/Vue/vue-blog-app
Log File - 20220225221601 - hallwack - /home/hallwack 
               total        used        free      shared  buff/cache   available
Mem:            9967        4617         341         390        5009        4624
Swap:           8297           1        8296
179M	/home/hallwack/Documents/Programming/Web/Vue/vue-blog-app
Log File - 20220225221701 - hallwack - /home/hallwack 
               total        used        free      shared  buff/cache   available
Mem:            9967        4509         481         354        4977        4767
Swap:           8297           1        8296
179M	/home/hallwack/Documents/Programming/Web/Vue/vue-blog-app
Log File - 20220225221801 - hallwack - /home/hallwack 
               total        used        free      shared  buff/cache   available
Mem:            9967        4447         535         360        4985        4824
Swap:           8297           1        8296
179M	/home/hallwack/Documents/Programming/Web/Vue/vue-blog-app
Log File - 20220225221901 - hallwack - /home/hallwack 
               total        used        free      shared  buff/cache   available
Mem:            9967        4476         502         367        4989        4788
Swap:           8297           1        8296
179M	/home/hallwack/Documents/Programming/Web/Vue/vue-blog-app
Log File - 20220225222001 - hallwack - /home/hallwack 
               total        used        free      shared  buff/cache   available
Mem:            9967        4442         529         369        4996        4820
Swap:           8297           1        8296
179M	/home/hallwack/Documents/Programming/Web/Vue/vue-blog-app
Log File - 20220225222101 - hallwack - /home/hallwack 
               total        used        free      shared  buff/cache   available
Mem:            9967        4435         585         316        4947        4880
Swap:           8297           1        8296
179M	/home/hallwack/Documents/Programming/Web/Vue/vue-blog-app
Log File - 20220225222201 - hallwack - /home/hallwack 
               total        used        free      shared  buff/cache   available
Mem:            9967        4460         594         277        4913        4893
Swap:           8297           1        8296
179M	/home/hallwack/Documents/Programming/Web/Vue/vue-blog-app
Log File - 20220225222301 - hallwack - /home/hallwack 
               total        used        free      shared  buff/cache   available
Mem:            9967        4473         635         224        4858        4933
Swap:           8297           1        8296
179M	/home/hallwack/Documents/Programming/Web/Vue/vue-blog-app
Log File - 20220225222401 - hallwack - /home/hallwack 
               total        used        free      shared  buff/cache   available
Mem:            9967        4468         656         207        4843        4956
Swap:           8297           1        8296
179M	/home/hallwack/Documents/Programming/Web/Vue/vue-blog-app
Log File - 20220225222501 - hallwack - /home/hallwack 
               total        used        free      shared  buff/cache   available
Mem:            9967        4378         741         202        4847        5051
Swap:           8297           1        8296
179M	/home/hallwack/Documents/Programming/Web/Vue/vue-blog-app
Log File - 20220225222602 - hallwack - /home/hallwack 
               total        used        free      shared  buff/cache   available
Mem:            9967        4110        1056         170        4800        5351
Swap:           8297           1        8296
179M	/home/hallwack/Documents/Programming/Web/Vue/vue-blog-app
Log File - 20220225222701 - hallwack - /home/hallwack 
               total        used        free      shared  buff/cache   available
Mem:            9967        4234         834         261        4898        5136
Swap:           8297           1        8296
179M	/home/hallwack/Documents/Programming/Web/Vue/vue-blog-app
Log File - 20220225222801 - hallwack - /home/hallwack 
               total        used        free      shared  buff/cache   available
Mem:            9967        4273         780         272        4913        5085
Swap:           8297           1        8296
179M	/home/hallwack/Documents/Programming/Web/Vue/vue-blog-app
Log File - 20220225222901 - hallwack - /home/hallwack 
               total        used        free      shared  buff/cache   available
Mem:            9967        4487         531         302        4948        4842
Swap:           8297           1        8296
179M	/home/hallwack/Documents/Programming/Web/Vue/vue-blog-app
Log File - 20220225223001 - hallwack - /home/hallwack 
               total        used        free      shared  buff/cache   available
Mem:            9967        4424         604         299        4939        4908
Swap:           8297           1        8296
179M	/home/hallwack/Documents/Programming/Web/Vue/vue-blog-app
Log File - 20220225223101 - hallwack - /home/hallwack 
               total        used        free      shared  buff/cache   available
Mem:            9967        4411         617         295        4939        4924
Swap:           8297           1        8296
179M	/home/hallwack/Documents/Programming/Web/Vue/vue-blog-app
Log File - 20220225223201 - hallwack - /home/hallwack 
               total        used        free      shared  buff/cache   available
Mem:            9967        4447         569         301        4950        4882
Swap:           8297           1        8296
179M	/home/hallwack/Documents/Programming/Web/Vue/vue-blog-app
Log File - 20220225223301 - hallwack - /home/hallwack 
               total        used        free      shared  buff/cache   available
Mem:            9967        4445         657         211        4864        4974
Swap:           8297           1        8296
179M	/home/hallwack/Documents/Programming/Web/Vue/vue-blog-app
Log File - 20220225223401 - hallwack - /home/hallwack 
               total        used        free      shared  buff/cache   available
Mem:            9967        4562         574         182        4831        4887
Swap:           8297           1        8296
179M	/home/hallwack/Documents/Programming/Web/Vue/vue-blog-app
Log File - 20220225223501 - hallwack - /home/hallwack 
               total        used        free      shared  buff/cache   available
Mem:            9967        4455         547         314        4964        4861
Swap:           8297           1        8296
179M	/home/hallwack/Documents/Programming/Web/Vue/vue-blog-app
Log File - 20220225223601 - hallwack - /home/hallwack 
               total        used        free      shared  buff/cache   available
Mem:            9967        4457         542         316        4967        4857
Swap:           8297           1        8296
179M	/home/hallwack/Documents/Programming/Web/Vue/vue-blog-app
Log File - 20220225223701 - hallwack - /home/hallwack 
               total        used        free      shared  buff/cache   available
Mem:            9967        4492         461         358        5014        4781
Swap:           8297           1        8296
179M	/home/hallwack/Documents/Programming/Web/Vue/vue-blog-app
Log File - 20220225223801 - hallwack - /home/hallwack 
               total        used        free      shared  buff/cache   available
Mem:            9967        4550         392         366        5025        4715
Swap:           8297           1        8296
179M	/home/hallwack/Documents/Programming/Web/Vue/vue-blog-app
Log File - 20220225223901 - hallwack - /home/hallwack 
               total        used        free      shared  buff/cache   available
Mem:            9967        4531         411         358        5024        4742
Swap:           8297           1        8296
179M	/home/hallwack/Documents/Programming/Web/Vue/vue-blog-app
Log File - 20220225224001 - hallwack - /home/hallwack 
               total        used        free      shared  buff/cache   available
Mem:            9967        4499         468         333        5000        4799
Swap:           8297           1        8296
179M	/home/hallwack/Documents/Programming/Web/Vue/vue-blog-app
Log File - 20220225224101 - hallwack - /home/hallwack 
               total        used        free      shared  buff/cache   available
Mem:            9967        4542         472         284        4952        4804
Swap:           8297           1        8296
179M	/home/hallwack/Documents/Programming/Web/Vue/vue-blog-app
Log File - 20220225224201 - hallwack - /home/hallwack 
               total        used        free      shared  buff/cache   available
Mem:            9967        4519         536         256        4911        4856
Swap:           8297           1        8296
179M	/home/hallwack/Documents/Programming/Web/Vue/vue-blog-app
Log File - 20220225224301 - hallwack - /home/hallwack 
               total        used        free      shared  buff/cache   available
Mem:            9967        4519         550         239        4897        4872
Swap:           8297           1        8296
179M	/home/hallwack/Documents/Programming/Web/Vue/vue-blog-app
Log File - 20220225224401 - hallwack - /home/hallwack 
               total        used        free      shared  buff/cache   available
Mem:            9967        4529         551         227        4887        4874
Swap:           8297           1        8296
179M	/home/hallwack/Documents/Programming/Web/Vue/vue-blog-app
Log File - 20220225224501 - hallwack - /home/hallwack 
               total        used        free      shared  buff/cache   available
Mem:            9967        4539         548         219        4880        4873
Swap:           8297           1        8296
179M	/home/hallwack/Documents/Programming/Web/Vue/vue-blog-app
Log File - 20220225224601 - hallwack - /home/hallwack 
               total        used        free      shared  buff/cache   available
Mem:            9967        4515         574         215        4878        4901
Swap:           8297           1        8296
179M	/home/hallwack/Documents/Programming/Web/Vue/vue-blog-app
Log File - 20220225224701 - hallwack - /home/hallwack 
               total        used        free      shared  buff/cache   available
Mem:            9967        4537         627         139        4803        4955
Swap:           8297           1        8296
179M	/home/hallwack/Documents/Programming/Web/Vue/vue-blog-app
Log File - 20220225224801 - hallwack - /home/hallwack 
               total        used        free      shared  buff/cache   available
Mem:            9967        4553         581         166        4832        4912
Swap:           8297           1        8296
179M	/home/hallwack/Documents/Programming/Web/Vue/vue-blog-app
Log File - 20220225224901 - hallwack - /home/hallwack 
               total        used        free      shared  buff/cache   available
Mem:            9967        4541         604         156        4822        4934
Swap:           8297           1        8296
179M	/home/hallwack/Documents/Programming/Web/Vue/vue-blog-app
